<?xml version="1.0" encoding="UTF-8"?>
<testsuite xmlns:xsi="http://www.w3.org/2001/XMLSchema-instance" xsi:noNamespaceSchemaLocation="https://maven.apache.org/surefire/maven-surefire-plugin/xsd/surefire-test-report-3.0.xsd" version="3.0" name="PlayerStatsCalculatorServiceTest" time="0.045" tests="6" errors="0" skipped="0" failures="0">
  <properties>
[...]
</properties>
  <testcase name="testCalculatePoints" classname="PlayerStatsCalculatorServiceTest" time="0.02"/>
  <testcase name="testCalculatePointsWithShotsPerGoal" classname="PlayerStatsCalculatorServiceTest" time="0.001"/>
  <testcase name="testComparePlayersAndDetermineWinner" classname="PlayerStatsCalculatorServiceTest" time="0.001"/>
  <testcase name="testCalculatePointsWithZeroStats" classname="PlayerStatsCalculatorServiceTest" time="0.001"/>
  <testcase name="testCalculatePointsWithZeroMinutesPlayed" classname="PlayerStatsCalculatorServiceTest" time="0.001"/>
  <testcase name="testCalculatePointsForOneGoal" classname="PlayerStatsCalculatorServiceTest" time="0"/>
</testsuite>